Implementation phase_[22421614_이소영]/app/build/intermediates/manifest_merge_blame_file/debug/manifest-merger-blame-debug-report.txt
1<?xml version="1.0" encoding="utf-8"?>
2<manifest xmlns:android="http://schemas.android.com/apk/res/android"
3    package="com.bareunjigap.app"
4    android:versionCode="1"
5    android:versionName="1.0" >
6
7    <uses-sdk
8        android:minSdkVersion="28"
9        android:targetSdkVersion="34" />
10
11    <uses-permission android:name="android.permission.INTERNET" />
11-->src\main\AndroidManifest.xml:5:5-67
11-->src\main\AndroidManifest.xml:5:22-64
12    <uses-permission android:name="android.permission.POST_NOTIFICATIONS" />
12-->src\main\AndroidManifest.xml:6:5-77
12-->src\main\AndroidManifest.xml:6:22-74
13    <uses-permission android:name="android.permission.RECEIVE_BOOT_COMPLETED" />
13-->src\main\AndroidManifest.xml:7:5-81
13-->src\main\AndroidManifest.xml:7:22-78
14    <uses-permission android:name="android.permission.WAKE_LOCK" />
14-->[androidx.work:work-runtime:2.9.0] AndroidManifest.xml:23:5-68
14-->[androidx.work:work-runtime:2.9.0] AndroidManifest.xml:23:22-65
15    <uses-permission android:name="android.permission.ACCESS_NETWORK_STATE" />
15-->[androidx.work:work-runtime:2.9.0] AndroidManifest.xml:24:5-79
15-->[androidx.work:work-runtime:2.9.0] AndroidManifest.xml:24:22-76
16    <uses-permission android:name="android.permission.FOREGROUND_SERVICE" />
16-->[androidx.work:work-runtime:2.9.0] AndroidManifest.xml:26:5-77
16-->[androidx.work:work-runtime:2.9.0] AndroidManifest.xml:26:22-74
17
18    <permission
18-->[androidx.core:core:1.12.0] AndroidManifest.xml:22:5-24:47
19        android:name="com.bareunjigap.app.DYNAMIC_RECEIVER_NOT_EXPORTED_PERMISSION"
19-->[androidx.core:core:1.12.0] AndroidManifest.xml:23:9-81
20        android:protectionLevel="signature" />
20-->[androidx.core:core:1.12.0] AndroidManifest.xml:24:9-44
21
22    <uses-permission android:name="com.bareunjigap.app.DYNAMIC_RECEIVER_NOT_EXPORTED_PERMISSION" />
22-->[androidx.core:core:1.12.0] AndroidManifest.xml:26:5-97
22-->[androidx.core:core:1.12.0] AndroidManifest.xml:26:22-94
23
24    <application
24-->src\main\AndroidManifest.xml:9:5-84:19
25        android:allowBackup="true"
25-->src\main\AndroidManifest.xml:10:9-35
26        android:appComponentFactory="androidx.core.app.CoreComponentFactory"
26-->[androidx.core:core:1.12.0] AndroidManifest.xml:28:18-86
27        android:debuggable="true"
28        android:extractNativeLibs="false"
29        android:icon="@mipmap/ic_launcher"
29-->src\main\AndroidManifest.xml:11:9-43
30        android:label="@string/app_name"
30-->src\main\AndroidManifest.xml:12:9-41
31        android:roundIcon="@mipmap/ic_launcher_round"
31-->src\main\AndroidManifest.xml:13:9-54
32        android:supportsRtl="true"
32-->src\main\AndroidManifest.xml:14:9-35
33        android:testOnly="true"
34        android:theme="@style/Theme.BareunJigap" >
34-->src\main\AndroidManifest.xml:15:9-49
35
36        <!-- 로그인 -->
37        <activity
37-->src\main\AndroidManifest.xml:18:9-26:20
38            android:name="com.bareunjigap.app.ui.login.LoginActivity"
38-->src\main\AndroidManifest.xml:19:13-51
39            android:exported="true"
39-->src\main\AndroidManifest.xml:20:13-36
40            android:windowSoftInputMode="adjustResize" >
40-->src\main\AndroidManifest.xml:21:13-55
41            <intent-filter>
41-->src\main\AndroidManifest.xml:22:13-25:29
42                <action android:name="android.intent.action.MAIN" />
42-->src\main\AndroidManifest.xml:23:17-69
42-->src\main\AndroidManifest.xml:23:25-66
43
44                <category android:name="android.intent.category.LAUNCHER" />
44-->src\main\AndroidManifest.xml:24:17-77
44-->src\main\AndroidManifest.xml:24:27-74
45            </intent-filter>
46        </activity>
47
48        <!-- 회원가입 -->
49        <activity
49-->src\main\AndroidManifest.xml:29:9-32:58
50            android:name="com.bareunjigap.app.ui.login.RegisterActivity"
50-->src\main\AndroidManifest.xml:30:13-54
51            android:exported="false"
51-->src\main\AndroidManifest.xml:31:13-37
52            android:windowSoftInputMode="adjustResize" />
52-->src\main\AndroidManifest.xml:32:13-55
53
54        <!-- 메인 (BottomNav 포함) -->
55        <activity
55-->src\main\AndroidManifest.xml:35:9-37:40
56            android:name="com.bareunjigap.app.ui.dashboard.MainActivity"
56-->src\main\AndroidManifest.xml:36:13-54
57            android:exported="false" />
57-->src\main\AndroidManifest.xml:37:13-37
58
59        <!-- 거래 추가/편집 -->
60        <activity
60-->src\main\AndroidManifest.xml:40:9-43:58
61            android:name="com.bareunjigap.app.ui.transaction.TransactionEditActivity"
61-->src\main\AndroidManifest.xml:41:13-67
62            android:exported="false"
62-->src\main\AndroidManifest.xml:42:13-37
63            android:windowSoftInputMode="adjustResize" />
63-->src\main\AndroidManifest.xml:43:13-55
64
65        <!-- 더치페이 -->
66        <activity
66-->src\main\AndroidManifest.xml:46:9-49:58
67            android:name="com.bareunjigap.app.ui.dutchpay.DutchPayActivity"
67-->src\main\AndroidManifest.xml:47:13-57
68            android:exported="false"
68-->src\main\AndroidManifest.xml:48:13-37
69            android:windowSoftInputMode="adjustResize" />
69-->src\main\AndroidManifest.xml:49:13-55
70
71        <!-- 예산 설정 -->
72        <activity
72-->src\main\AndroidManifest.xml:52:9-55:58
73            android:name="com.bareunjigap.app.ui.budget.BudgetSettingActivity"
73-->src\main\AndroidManifest.xml:53:13-60
74            android:exported="false"
74-->src\main\AndroidManifest.xml:54:13-37
75            android:windowSoftInputMode="adjustResize" />
75-->src\main\AndroidManifest.xml:55:13-55
76
77        <!-- 고정일정 설정 -->
78        <activity
78-->src\main\AndroidManifest.xml:58:9-61:58
79            android:name="com.bareunjigap.app.ui.budget.FixedScheduleActivity"
79-->src\main\AndroidManifest.xml:59:13-60
80            android:exported="false"
80-->src\main\AndroidManifest.xml:60:13-37
81            android:windowSoftInputMode="adjustResize" />
81-->src\main\AndroidManifest.xml:61:13-55
82
83        <!-- WorkManager 자동초기화 비활성화 후 수동 등록 -->
84        <provider
85            android:name="androidx.startup.InitializationProvider"
85-->src\main\AndroidManifest.xml:65:13-67
86            android:authorities="com.bareunjigap.app.androidx-startup"
86-->src\main\AndroidManifest.xml:66:13-68
87            android:exported="false" >
87-->src\main\AndroidManifest.xml:67:13-37
88            <meta-data
88-->[androidx.emoji2:emoji2:1.2.0] AndroidManifest.xml:29:13-31:52
89                android:name="androidx.emoji2.text.EmojiCompatInitializer"
89-->[androidx.emoji2:emoji2:1.2.0] AndroidManifest.xml:30:17-75
90                android:value="androidx.startup" />
90-->[androidx.emoji2:emoji2:1.2.0] AndroidManifest.xml:31:17-49
91            <meta-data
91-->[androidx.work:work-runtime:2.9.0] AndroidManifest.xml:34:13-36:52
92                android:name="androidx.work.WorkManagerInitializer"
92-->[androidx.work:work-runtime:2.9.0] AndroidManifest.xml:35:17-68
93                android:value="androidx.startup" />
93-->[androidx.work:work-runtime:2.9.0] AndroidManifest.xml:36:17-49
94            <meta-data
94-->[androidx.lifecycle:lifecycle-process:2.7.0] AndroidManifest.xml:29:13-31:52
95                android:name="androidx.lifecycle.ProcessLifecycleInitializer"
95-->[androidx.lifecycle:lifecycle-process:2.7.0] AndroidManifest.xml:30:17-78
96                android:value="androidx.startup" />
96-->[androidx.lifecycle:lifecycle-process:2.7.0] AndroidManifest.xml:31:17-49
97            <meta-data
97-->[androidx.profileinstaller:profileinstaller:1.3.0] AndroidManifest.xml:29:13-31:52
98                android:name="androidx.profileinstaller.ProfileInstallerInitializer"
98-->[androidx.profileinstaller:profileinstaller:1.3.0] AndroidManifest.xml:30:17-85
99                android:value="androidx.startup" />
99-->[androidx.profileinstaller:profileinstaller:1.3.0] AndroidManifest.xml:31:17-49
100        </provider>
101
102        <!-- 부팅 시 알림 재등록 -->
103        <receiver
103-->src\main\AndroidManifest.xml:76:9-82:20
104            android:name="com.bareunjigap.app.util.BootReceiver"
104-->src\main\AndroidManifest.xml:77:13-46
105            android:exported="true" >
105-->src\main\AndroidManifest.xml:78:13-36
106            <intent-filter>
106-->src\main\AndroidManifest.xml:79:13-81:29
107                <action android:name="android.intent.action.BOOT_COMPLETED" />
107-->src\main\AndroidManifest.xml:80:17-79
107-->src\main\AndroidManifest.xml:80:25-76
108            </intent-filter>
109        </receiver>
110
111        <service
111-->[androidx.work:work-runtime:2.9.0] AndroidManifest.xml:39:9-45:35
112            android:name="androidx.work.impl.background.systemalarm.SystemAlarmService"
112-->[androidx.work:work-runtime:2.9.0] AndroidManifest.xml:40:13-88
113            android:directBootAware="false"
113-->[androidx.work:work-runtime:2.9.0] AndroidManifest.xml:41:13-44
114            android:enabled="@bool/enable_system_alarm_service_default"
114-->[androidx.work:work-runtime:2.9.0] AndroidManifest.xml:42:13-72
115            android:exported="false" />
115-->[androidx.work:work-runtime:2.9.0] AndroidManifest.xml:43:13-37
116        <service
116-->[androidx.work:work-runtime:2.9.0] AndroidManifest.xml:46:9-52:35
117            android:name="androidx.work.impl.background.systemjob.SystemJobService"
117-->[androidx.work:work-runtime:2.9.0] AndroidManifest.xml:47:13-84
118            android:directBootAware="false"
118-->[androidx.work:work-runtime:2.9.0] AndroidManifest.xml:48:13-44
119            android:enabled="@bool/enable_system_job_service_default"
119-->[androidx.work:work-runtime:2.9.0] AndroidManifest.xml:49:13-70
120            android:exported="true"
120-->[androidx.work:work-runtime:2.9.0] AndroidManifest.xml:50:13-36
121            android:permission="android.permission.BIND_JOB_SERVICE" />
121-->[androidx.work:work-runtime:2.9.0] AndroidManifest.xml:51:13-69
122        <service
122-->[androidx.work:work-runtime:2.9.0] AndroidManifest.xml:53:9-59:35
123            android:name="androidx.work.impl.foreground.SystemForegroundService"
123-->[androidx.work:work-runtime:2.9.0] AndroidManifest.xml:54:13-81
124            android:directBootAware="false"
124-->[androidx.work:work-runtime:2.9.0] AndroidManifest.xml:55:13-44
125            android:enabled="@bool/enable_system_foreground_service_default"
125-->[androidx.work:work-runtime:2.9.0] AndroidManifest.xml:56:13-77
126            android:exported="false" />
126-->[androidx.work:work-runtime:2.9.0] AndroidManifest.xml:57:13-37
127
128        <receiver
128-->[androidx.work:work-runtime:2.9.0] AndroidManifest.xml:61:9-66:35
129            android:name="androidx.work.impl.utils.ForceStopRunnable$BroadcastReceiver"
129-->[androidx.work:work-runtime:2.9.0] AndroidManifest.xml:62:13-88
130            android:directBootAware="false"
130-->[androidx.work:work-runtime:2.9.0] AndroidManifest.xml:63:13-44
131            android:enabled="true"
131-->[androidx.work:work-runtime:2.9.0] AndroidManifest.xml:64:13-35
132            android:exported="false" />
132-->[androidx.work:work-runtime:2.9.0] AndroidManifest.xml:65:13-37
133        <receiver
133-->[androidx.work:work-runtime:2.9.0] AndroidManifest.xml:67:9-77:20
134            android:name="androidx.work.impl.background.systemalarm.ConstraintProxy$BatteryChargingProxy"
134-->[androidx.work:work-runtime:2.9.0] AndroidManifest.xml:68:13-106
135            android:directBootAware="false"
135-->[androidx.work:work-runtime:2.9.0] AndroidManifest.xml:69:13-44
136            android:enabled="false"
136-->[androidx.work:work-runtime:2.9.0] AndroidManifest.xml:70:13-36
137            android:exported="false" >
137-->[androidx.work:work-runtime:2.9.0] AndroidManifest.xml:71:13-37
138            <intent-filter>
138-->[androidx.work:work-runtime:2.9.0] AndroidManifest.xml:73:13-76:29
139                <action android:name="android.intent.action.ACTION_POWER_CONNECTED" />
139-->[androidx.work:work-runtime:2.9.0] AndroidManifest.xml:74:17-87
139-->[androidx.work:work-runtime:2.9.0] AndroidManifest.xml:74:25-84
140                <action android:name="android.intent.action.ACTION_POWER_DISCONNECTED" />
140-->[androidx.work:work-runtime:2.9.0] AndroidManifest.xml:75:17-90
140-->[androidx.work:work-runtime:2.9.0] AndroidManifest.xml:75:25-87
141            </intent-filter>
142        </receiver>
143        <receiver
143-->[androidx.work:work-runtime:2.9.0] AndroidManifest.xml:78:9-88:20
144            android:name="androidx.work.impl.background.systemalarm.ConstraintProxy$BatteryNotLowProxy"
144-->[androidx.work:work-runtime:2.9.0] AndroidManifest.xml:79:13-104
145            android:directBootAware="false"
145-->[androidx.work:work-runtime:2.9.0] AndroidManifest.xml:80:13-44
146            android:enabled="false"
146-->[androidx.work:work-runtime:2.9.0] AndroidManifest.xml:81:13-36
147            android:exported="false" >
147-->[androidx.work:work-runtime:2.9.0] AndroidManifest.xml:82:13-37
148            <intent-filter>
148-->[androidx.work:work-runtime:2.9.0] AndroidManifest.xml:84:13-87:29
149                <action android:name="android.intent.action.BATTERY_OKAY" />
149-->[androidx.work:work-runtime:2.9.0] AndroidManifest.xml:85:17-77
149-->[androidx.work:work-runtime:2.9.0] AndroidManifest.xml:85:25-74
150                <action android:name="android.intent.action.BATTERY_LOW" />
150-->[androidx.work:work-runtime:2.9.0] AndroidManifest.xml:86:17-76
150-->[androidx.work:work-runtime:2.9.0] AndroidManifest.xml:86:25-73
151            </intent-filter>
152        </receiver>
153        <receiver
153-->[androidx.work:work-runtime:2.9.0] AndroidManifest.xml:89:9-99:20
154            android:name="androidx.work.impl.background.systemalarm.ConstraintProxy$StorageNotLowProxy"
154-->[androidx.work:work-runtime:2.9.0] AndroidManifest.xml:90:13-104
155            android:directBootAware="false"
155-->[androidx.work:work-runtime:2.9.0] AndroidManifest.xml:91:13-44
156            android:enabled="false"
156-->[androidx.work:work-runtime:2.9.0] AndroidManifest.xml:92:13-36
157            android:exported="false" >
157-->[androidx.work:work-runtime:2.9.0] AndroidManifest.xml:93:13-37
158            <intent-filter>
158-->[androidx.work:work-runtime:2.9.0] AndroidManifest.xml:95:13-98:29
159                <action android:name="android.intent.action.DEVICE_STORAGE_LOW" />
159-->[androidx.work:work-runtime:2.9.0] AndroidManifest.xml:96:17-83
159-->[androidx.work:work-runtime:2.9.0] AndroidManifest.xml:96:25-80
160                <action android:name="android.intent.action.DEVICE_STORAGE_OK" />
160-->[androidx.work:work-runtime:2.9.0] AndroidManifest.xml:97:17-82
160-->[androidx.work:work-runtime:2.9.0] AndroidManifest.xml:97:25-79
161            </intent-filter>
162        </receiver>
163        <receiver
163-->[androidx.work:work-runtime:2.9.0] AndroidManifest.xml:100:9-109:20
164            android:name="androidx.work.impl.background.systemalarm.ConstraintProxy$NetworkStateProxy"
164-->[androidx.work:work-runtime:2.9.0] AndroidManifest.xml:101:13-103
165            android:directBootAware="false"
165-->[androidx.work:work-runtime:2.9.0] AndroidManifest.xml:102:13-44
166            android:enabled="false"
166-->[androidx.work:work-runtime:2.9.0] AndroidManifest.xml:103:13-36
167            android:exported="false" >
167-->[androidx.work:work-runtime:2.9.0] AndroidManifest.xml:104:13-37
168            <intent-filter>
168-->[androidx.work:work-runtime:2.9.0] AndroidManifest.xml:106:13-108:29
169                <action android:name="android.net.conn.CONNECTIVITY_CHANGE" />
169-->[androidx.work:work-runtime:2.9.0] AndroidManifest.xml:107:17-79
169-->[androidx.work:work-runtime:2.9.0] AndroidManifest.xml:107:25-76
170            </intent-filter>
171        </receiver>
172        <receiver
172-->[androidx.work:work-runtime:2.9.0] AndroidManifest.xml:110:9-121:20
173            android:name="androidx.work.impl.background.systemalarm.RescheduleReceiver"
173-->[androidx.work:work-runtime:2.9.0] AndroidManifest.xml:111:13-88
174            android:directBootAware="false"
174-->[androidx.work:work-runtime:2.9.0] AndroidManifest.xml:112:13-44
175            android:enabled="false"
175-->[androidx.work:work-runtime:2.9.0] AndroidManifest.xml:113:13-36
176            android:exported="false" >
176-->[androidx.work:work-runtime:2.9.0] AndroidManifest.xml:114:13-37
177            <intent-filter>
177-->[androidx.work:work-runtime:2.9.0] AndroidManifest.xml:116:13-120:29
178                <action android:name="android.intent.action.BOOT_COMPLETED" />
178-->src\main\AndroidManifest.xml:80:17-79
178-->src\main\AndroidManifest.xml:80:25-76
179                <action android:name="android.intent.action.TIME_SET" />
179-->[androidx.work:work-runtime:2.9.0] AndroidManifest.xml:118:17-73
179-->[androidx.work:work-runtime:2.9.0] AndroidManifest.xml:118:25-70
180                <action android:name="android.intent.action.TIMEZONE_CHANGED" />
180-->[androidx.work:work-runtime:2.9.0] AndroidManifest.xml:119:17-81
180-->[androidx.work:work-runtime:2.9.0] AndroidManifest.xml:119:25-78
181            </intent-filter>
182        </receiver>
183        <receiver
183-->[androidx.work:work-runtime:2.9.0] AndroidManifest.xml:122:9-131:20
184            android:name="androidx.work.impl.background.systemalarm.ConstraintProxyUpdateReceiver"
184-->[androidx.work:work-runtime:2.9.0] AndroidManifest.xml:123:13-99
185            android:directBootAware="false"
185-->[androidx.work:work-runtime:2.9.0] AndroidManifest.xml:124:13-44
186            android:enabled="@bool/enable_system_alarm_service_default"
186-->[androidx.work:work-runtime:2.9.0] AndroidManifest.xml:125:13-72
187            android:exported="false" >
187-->[androidx.work:work-runtime:2.9.0] AndroidManifest.xml:126:13-37
188            <intent-filter>
188-->[androidx.work:work-runtime:2.9.0] AndroidManifest.xml:128:13-130:29
189                <action android:name="androidx.work.impl.background.systemalarm.UpdateProxies" />
189-->[androidx.work:work-runtime:2.9.0] AndroidManifest.xml:129:17-98
189-->[androidx.work:work-runtime:2.9.0] AndroidManifest.xml:129:25-95
190            </intent-filter>
191        </receiver>
192        <receiver
192-->[androidx.work:work-runtime:2.9.0] AndroidManifest.xml:132:9-142:20
193            android:name="androidx.work.impl.diagnostics.DiagnosticsReceiver"
193-->[androidx.work:work-runtime:2.9.0] AndroidManifest.xml:133:13-78
194            android:directBootAware="false"
194-->[androidx.work:work-runtime:2.9.0] AndroidManifest.xml:134:13-44
195            android:enabled="true"
195-->[androidx.work:work-runtime:2.9.0] AndroidManifest.xml:135:13-35
196            android:exported="true"
196-->[androidx.work:work-runtime:2.9.0] AndroidManifest.xml:136:13-36
197            android:permission="android.permission.DUMP" >
197-->[androidx.work:work-runtime:2.9.0] AndroidManifest.xml:137:13-57
198            <intent-filter>
198-->[androidx.work:work-runtime:2.9.0] AndroidManifest.xml:139:13-141:29
199                <action android:name="androidx.work.diagnostics.REQUEST_DIAGNOSTICS" />
199-->[androidx.work:work-runtime:2.9.0] AndroidManifest.xml:140:17-88
199-->[androidx.work:work-runtime:2.9.0] AndroidManifest.xml:140:25-85
200            </intent-filter>
201        </receiver>
202
203        <uses-library
203-->[androidx.window:window:1.0.0] AndroidManifest.xml:25:9-27:40
204            android:name="androidx.window.extensions"
204-->[androidx.window:window:1.0.0] AndroidManifest.xml:26:13-54
205            android:required="false" />
205-->[androidx.window:window:1.0.0] AndroidManifest.xml:27:13-37
206        <uses-library
206-->[androidx.window:window:1.0.0] AndroidManifest.xml:28:9-30:40
207            android:name="androidx.window.sidecar"
207-->[androidx.window:window:1.0.0] AndroidManifest.xml:29:13-51
208            android:required="false" />
208-->[androidx.window:window:1.0.0] AndroidManifest.xml:30:13-37
209
210        <service
210-->[androidx.room:room-runtime:2.6.1] AndroidManifest.xml:24:9-28:63
211            android:name="androidx.room.MultiInstanceInvalidationService"
211-->[androidx.room:room-runtime:2.6.1] AndroidManifest.xml:25:13-74
212            android:directBootAware="true"
212-->[androidx.room:room-runtime:2.6.1] AndroidManifest.xml:26:13-43
213            android:exported="false" />
213-->[androidx.room:room-runtime:2.6.1] AndroidManifest.xml:27:13-37
214
215        <receiver
215-->[androidx.profileinstaller:profileinstaller:1.3.0] AndroidManifest.xml:34:9-52:20
216            android:name="androidx.profileinstaller.ProfileInstallReceiver"
216-->[androidx.profileinstaller:profileinstaller:1.3.0] AndroidManifest.xml:35:13-76
217            android:directBootAware="false"
217-->[androidx.profileinstaller:profileinstaller:1.3.0] AndroidManifest.xml:36:13-44
218            android:enabled="true"
218-->[androidx.profileinstaller:profileinstaller:1.3.0] AndroidManifest.xml:37:13-35
219            android:exported="true"
219-->[androidx.profileinstaller:profileinstaller:1.3.0] AndroidManifest.xml:38:13-36
220            android:permission="android.permission.DUMP" >
220-->[androidx.profileinstaller:profileinstaller:1.3.0] AndroidManifest.xml:39:13-57
221            <intent-filter>
221-->[androidx.profileinstaller:profileinstaller:1.3.0] AndroidManifest.xml:40:13-42:29
222                <action android:name="androidx.profileinstaller.action.INSTALL_PROFILE" />
222-->[androidx.profileinstaller:profileinstaller:1.3.0] AndroidManifest.xml:41:17-91
222-->[androidx.profileinstaller:profileinstaller:1.3.0] AndroidManifest.xml:41:25-88
223            </intent-filter>
224            <intent-filter>
224-->[androidx.profileinstaller:profileinstaller:1.3.0] AndroidManifest.xml:43:13-45:29
225                <action android:name="androidx.profileinstaller.action.SKIP_FILE" />
225-->[androidx.profileinstaller:profileinstaller:1.3.0] AndroidManifest.xml:44:17-85
225-->[androidx.profileinstaller:profileinstaller:1.3.0] AndroidManifest.xml:44:25-82
226            </intent-filter>
227            <intent-filter>
227-->[androidx.profileinstaller:profileinstaller:1.3.0] AndroidManifest.xml:46:13-48:29
228                <action android:name="androidx.profileinstaller.action.SAVE_PROFILE" />
228-->[androidx.profileinstaller:profileinstaller:1.3.0] AndroidManifest.xml:47:17-88
228-->[androidx.profileinstaller:profileinstaller:1.3.0] AndroidManifest.xml:47:25-85
229            </intent-filter>
230            <intent-filter>
230-->[androidx.profileinstaller:profileinstaller:1.3.0] AndroidManifest.xml:49:13-51:29
231                <action android:name="androidx.profileinstaller.action.BENCHMARK_OPERATION" />
231-->[androidx.profileinstaller:profileinstaller:1.3.0] AndroidManifest.xml:50:17-95
231-->[androidx.profileinstaller:profileinstaller:1.3.0] AndroidManifest.xml:50:25-92
232            </intent-filter>
233        </receiver>
234    </application>
235
236</manifest>